[    0.000000] Initializing cgroup subsys cpuset
[    0.000000] Initializing cgroup subsys cpu
[    0.000000] Initializing cgroup subsys cpuacct
[    0.000000] Linux version 4.4.0-138-generic (buildd@lcy01-amd64-006) (gcc version 5.4.0 20160609 (Ubuntu 5.4.0-6ubuntu1~16.04.10) ) #164-Ubuntu SMP Tue Oct 2 17:16:02 UTC 2018 (Ubuntu 4.4.0-138.164-generic 4.4.155)
[    0.000000] Command line: BOOT_IMAGE=/boot/vmlinuz-4.4.0-138-generic root=LABEL=cloudimg-rootfs ro console=tty1 console=ttyS0
[    0.000000] KERNEL supported cpus:
[    0.000000]   Intel GenuineIntel
[    0.000000]   AMD AuthenticAMD
[    0.000000]   Centaur CentaurHauls
[    0.000000] x86/fpu: Legacy x87 FPU detected.
[    0.000000] e820: BIOS-provided physical RAM map:
[    0.000000] BIOS-e820: [mem 0x0000000000000000-0x000000000009fbff] usable
[    0.000000] BIOS-e820: [mem 0x000000000009fc00-0x000000000009ffff] reserved
[    0.000000] BIOS-e820: [mem 0x00000000000f0000-0x00000000000fffff] reserved
[    0.000000] BIOS-e820: [mem 0x0000000000100000-0x000000003ffeffff] usable
[    0.000000] BIOS-e820: [mem 0x000000003fff0000-0x000000003fffffff] ACPI data
[    0.000000] BIOS-e820: [mem 0x00000000fec00000-0x00000000fec00fff] reserved
[    0.000000] BIOS-e820: [mem 0x00000000fee00000-0x00000000fee00fff] reserved
[    0.000000] BIOS-e820: [mem 0x00000000fffc0000-0x00000000ffffffff] reserved
[    0.000000] NX (Execute Disable) protection: active
[    0.000000] SMBIOS 2.5 present.
[    0.000000] Hypervisor detected: KVM
[    0.000000] e820: last_pfn = 0x3fff0 max_arch_pfn = 0x400000000
[    0.000000] MTRR: Disabled
[    0.000000] x86/PAT: MTRRs disabled, skipping PAT initialization too.
[    0.000000] CPU MTRRs all blank - virtualized system.
[    0.000000] x86/PAT: Configuration [0-7]: WB  WT  UC- UC  WB  WT  UC- UC  
[    0.000000] found SMP MP-table at [mem 0x0009fff0-0x0009ffff] mapped at [ffff88000009fff0]
[    0.000000] Scanning 1 areas for low memory corruption
[    0.000000] RAMDISK: [mem 0x3630a000-0x3717cfff]
[    0.000000] ACPI: Early table checksum verification disabled
[    0.000000] ACPI: RSDP 0x00000000000E0000 000024 (v02 VBOX  )
[    0.000000] ACPI: XSDT 0x000000003FFF0030 00003C (v01 VBOX   VBOXXSDT 00000001 ASL  00000061)
[    0.000000] ACPI: FACP 0x000000003FFF00F0 0000F4 (v04 VBOX   VBOXFACP 00000001 ASL  00000061)
[    0.000000] ACPI: DSDT 0x000000003FFF0470 0021C8 (v02 VBOX   VBOXBIOS 00000002 INTL 20100528)
[    0.000000] ACPI: FACS 0x000000003FFF0200 000040
[    0.000000] ACPI: FACS 0x000000003FFF0200 000040
[    0.000000] ACPI: APIC 0x000000003FFF0240 00005C (v02 VBOX   VBOXAPIC 00000001 ASL  00000061)
[    0.000000] ACPI: SSDT 0x000000003FFF02A0 0001CC (v01 VBOX   VBOXCPUT 00000002 INTL 20100528)
[    0.000000] No NUMA configuration found
[    0.000000] Faking a node at [mem 0x0000000000000000-0x000000003ffeffff]
[    0.000000] NODE_DATA(0) allocated [mem 0x3ffeb000-0x3ffeffff]
[    0.000000] kvm-clock: Using msrs 4b564d01 and 4b564d00
[    0.000000] kvm-clock: cpu 0, msr 0:3ffe3001, primary cpu clock
[    0.000000] kvm-clock: using sched offset of 5529715466 cycles
[    0.000000] clocksource: kvm-clock: mask: 0xffffffffffffffff max_cycles: 0x1cd42e4dffb, max_idle_ns: 881590591483 ns
[    0.000000] Zone ranges:
[    0.000000]   DMA      [mem 0x0000000000001000-0x0000000000ffffff]
[    0.000000]   DMA32    [mem 0x0000000001000000-0x000000003ffeffff]
[    0.000000]   Normal   empty
[    0.000000]   Device   empty
[    0.000000] Movable zone start for each node
[    0.000000] Early memory node ranges
[    0.000000]   node   0: [mem 0x0000000000001000-0x000000000009efff]
[    0.000000]   node   0: [mem 0x0000000000100000-0x000000003ffeffff]
[    0.000000] Initmem setup node 0 [mem 0x0000000000001000-0x000000003ffeffff]
[    0.000000] ACPI: PM-Timer IO Port: 0x4008
[    0.000000] IOAPIC[0]: apic_id 2, version 32, address 0xfec00000, GSI 0-23
[    0.000000] ACPI: INT_SRC_OVR (bus 0 bus_irq 0 global_irq 2 dfl dfl)
[    0.000000] ACPI: INT_SRC_OVR (bus 0 bus_irq 9 global_irq 9 high level)
[    0.000000] Using ACPI (MADT) for SMP configuration information
[    0.000000] smpboot: Allowing 2 CPUs, 0 hotplug CPUs
[    0.000000] PM: Registered nosave memory: [mem 0x00000000-0x00000fff]
[    0.000000] PM: Registered nosave memory: [mem 0x0009f000-0x0009ffff]
[    0.000000] PM: Registered nosave memory: [mem 0x000a0000-0x000effff]
[    0.000000] PM: Registered nosave memory: [mem 0x000f0000-0x000fffff]
[    0.000000] e820: [mem 0x40000000-0xfebfffff] available for PCI devices
[    0.000000] Booting paravirtualized kernel on KVM
[    0.000000] clocksource: refined-jiffies: mask: 0xffffffff max_cycles: 0xffffffff, max_idle_ns: 7645519600211568 ns
[    0.000000] setup_percpu: NR_CPUS:512 nr_cpumask_bits:512 nr_cpu_ids:2 nr_node_ids:1
[    0.000000] PERCPU: Embedded 34 pages/cpu @ffff88003fc00000 s99608 r8192 d31464 u1048576
[    0.000000] PV qspinlock hash table entries: 256 (order: 0, 4096 bytes)
[    0.000000] Built 1 zonelists in Node order, mobility grouping on.  Total pages: 257912
[    0.000000] Policy zone: DMA32
[    0.000000] Kernel command line: BOOT_IMAGE=/boot/vmlinuz-4.4.0-138-generic root=LABEL=cloudimg-rootfs ro console=tty1 console=ttyS0
[    0.000000] PID hash table entries: 4096 (order: 3, 32768 bytes)
[    0.000000] Memory: 997708K/1048120K available (8563K kernel code, 1314K rwdata, 4004K rodata, 1528K init, 1316K bss, 50412K reserved, 0K cma-reserved)
[    0.000000] SLUB: HWalign=64, Order=0-3, MinObjects=0, CPUs=2, Nodes=1
[    0.000000] Kernel/User page tables isolation: enabled
[    0.000000] Hierarchical RCU implementation.
[    0.000000] 	Build-time adjustment of leaf fanout to 64.
[    0.000000] 	RCU restricting CPUs from NR_CPUS=512 to nr_cpu_ids=2.
[    0.000000] RCU: Adjusting geometry for rcu_fanout_leaf=64, nr_cpu_ids=2
[    0.000000] NR_IRQS:33024 nr_irqs:440 16
[    0.000000] Console: colour VGA+ 80x25
[    0.000000] console [tty1] enabled
[    0.000000] console [ttyS0] enabled
[    0.000000] tsc: Detected 2327.386 MHz processor
[    0.528227] Calibrating delay loop (skipped) preset value.. 4654.77 BogoMIPS (lpj=9309544)
[    0.532564] pid_max: default: 32768 minimum: 301
[    0.540843] ACPI: Core revision 20150930
[    0.544900] ACPI: 2 ACPI AML tables successfully acquired and loaded
[    0.549567] Security Framework initialized
[    0.551675] Yama: becoming mindful.
[    0.558877] AppArmor: AppArmor initialized
[    0.561217] Dentry cache hash table entries: 131072 (order: 8, 1048576 bytes)
[    0.565029] Inode-cache hash table entries: 65536 (order: 7, 524288 bytes)
[    0.569714] Mount-cache hash table entries: 2048 (order: 2, 16384 bytes)
[    0.582743] Mountpoint-cache hash table entries: 2048 (order: 2, 16384 bytes)
[    0.596899] Initializing cgroup subsys io
[    0.606135] Initializing cgroup subsys memory
[    0.608368] Initializing cgroup subsys devices
[    0.610601] Initializing cgroup subsys freezer
[    0.612852] Initializing cgroup subsys net_cls
[    0.622115] Initializing cgroup subsys perf_event
[    0.624452] Initializing cgroup subsys net_prio
[    0.626764] Initializing cgroup subsys hugetlb
[    0.629005] Initializing cgroup subsys pids
[    0.631336] mce: CPU supports 0 MCE banks
[    0.633507] Last level iTLB entries: 4KB 128, 2MB 4, 4MB 4
[    0.642109] Last level dTLB entries: 4KB 256, 2MB 0, 4MB 32, 1GB 0
[    0.652153] Spectre V2 : Mitigation: Full generic retpoline
[    0.662944] Spectre V2 : Spectre v2 mitigation: Speculation control IBPB not-supported IBRS not-supported
[    0.674262] Spectre V2 : Spectre v2 / SpectreRSB mitigation: Filling RSB on context switch
[    0.681976] Speculative Store Bypass: Vulnerable
[    0.690810] Freeing SMP alternatives memory: 32K
[    0.727253] ftrace: allocating 32278 entries in 127 pages
[    0.857298] smpboot: APIC(0) Converting physical 0 to logical package 0
[    0.864375] smpboot: Max logical packages: 1
[    0.867518] x2apic enabled
[    0.874018] Switched APIC routing to physical x2apic.
[    0.886367] ..TIMER: vector=0x30 apic1=0 pin1=2 apic2=-1 pin2=-1
[    0.985040] APIC calibration not consistent with PM-Timer: 96ms instead of 100ms
[    0.996124] APIC delta adjusted to PM-Timer: 6340136 (6090767)
[    1.000001] smpboot: CPU0: Intel(R) Core(TM)2 Duo CPU     E6550  @ 2.33GHz (family: 0x6, model: 0xf, stepping: 0xb)
[    1.007018] Performance Events: unsupported p6 CPU model 15 no PMU driver, software events only.
[    1.011679] KVM setup paravirtual spinlock
[    1.017590] x86: Booting SMP configuration:
[    1.021278] .... node  #0, CPUs:      #1
[    1.023352] kvm-clock: cpu 1, msr 0:3ffe3041, secondary cpu clock
[    1.026119] mce: CPU supports 0 MCE banks
[    1.029747] x86: Booted up 1 node, 2 CPUs
[    1.033710] smpboot: Total of 2 processors activated (9309.54 BogoMIPS)
[    1.042760] devtmpfs: initialized
[    1.049132] evm: security.selinux
[    1.052293] evm: security.SMACK64
[    1.058807] evm: security.SMACK64EXEC
[    1.060788] evm: security.SMACK64TRANSMUTE
[    1.070857] evm: security.SMACK64MMAP
[    1.072852] evm: security.ima
[    1.080636] evm: security.capability
[    1.082895] clocksource: jiffies: mask: 0xffffffff max_cycles: 0xffffffff, max_idle_ns: 7645041785100000 ns
[    1.098501] futex hash table entries: 512 (order: 3, 32768 bytes)
[    1.104021] pinctrl core: initialized pinctrl subsystem
[    1.111659] RTC time:  0:02:22, date: 10/30/18
[    1.114442] NET: Registered protocol family 16
[    1.142002] cpuidle: using governor ladder
[    1.154058] cpuidle: using governor menu
[    1.162540] PCCT header not found.
[    1.167383] ACPI: bus type PCI registered
[    1.169477] acpiphp: ACPI Hot Plug PCI Controller Driver version: 0.5
[    1.174663] PCI: Using configuration type 1 for base access
[    1.189638] ACPI: Added _OSI(Module Device)
[    1.197635] ACPI: Added _OSI(Processor Device)
[    1.199846] ACPI: Added _OSI(3.0 _SCP Extensions)
[    1.202164] ACPI: Added _OSI(Processor Aggregator Device)
[    1.206125] ACPI: Executed 1 blocks of module-level executable AML code
[    1.215854] ACPI: Interpreter enabled
[    1.219237] ACPI: (supports S0 S5)
[    1.223999] ACPI: Using IOAPIC for interrupt routing
[    1.250399] PCI: Using host bridge windows from ACPI; if necessary, use "pci=nocrs" and report a bug
[    1.267919] ACPI: PCI Root Bridge [PCI0] (domain 0000 [bus 00-ff])
[    1.272533] acpi PNP0A03:00: _OSC: OS supports [ASPM ClockPM Segments MSI]
[    1.283373] acpi PNP0A03:00: _OSC failed (AE_NOT_FOUND); disabling ASPM
[    1.295974] acpi PNP0A03:00: fail to add MMCONFIG information, can't access extended PCI configuration space under this bridge.
[    1.304849] PCI host bridge to bus 0000:00
[    1.308084] pci_bus 0000:00: root bus resource [io  0x0000-0x0cf7 window]
[    1.311024] pci_bus 0000:00: root bus resource [io  0x0d00-0xffff window]
[    1.326665] pci_bus 0000:00: root bus resource [mem 0x000a0000-0x000bffff window]
[    1.333391] pci_bus 0000:00: root bus resource [mem 0x40000000-0xffdfffff window]
[    1.338442] pci_bus 0000:00: root bus resource [bus 00-ff]
[    1.344571] pci 0000:00:01.1: legacy IDE quirk: reg 0x10: [io  0x01f0-0x01f7]
[    1.353563] pci 0000:00:01.1: legacy IDE quirk: reg 0x14: [io  0x03f6]
[    1.368313] pci 0000:00:01.1: legacy IDE quirk: reg 0x18: [io  0x0170-0x0177]
[    1.371445] pci 0000:00:01.1: legacy IDE quirk: reg 0x1c: [io  0x0376]
[    1.425412] pci 0000:00:07.0: quirk: [io  0x4000-0x403f] claimed by PIIX4 ACPI
[    1.445870] pci 0000:00:07.0: quirk: [io  0x4100-0x410f] claimed by PIIX4 SMB
[    1.466800] ACPI: PCI Interrupt Link [LNKA] (IRQs 5 9 10 *11)
[    1.515605] ACPI: PCI Interrupt Link [LNKB] (IRQs 5 9 10 *11)
[    1.520787] ACPI: PCI Interrupt Link [LNKC] (IRQs 5 9 *10 11)
[    1.528501] ACPI: PCI Interrupt Link [LNKD] (IRQs 5 *9 10 11)
[    1.532472] ACPI: Enabled 2 GPEs in block 00 to 07
[    1.544072] vgaarb: setting as boot device: PCI:0000:00:02.0
[    1.559605] vgaarb: device added: PCI:0000:00:02.0,decodes=io+mem,owns=io+mem,locks=none
[    1.563759] vgaarb: loaded
[    1.565422] vgaarb: bridge control possible 0000:00:02.0
[    1.571694] SCSI subsystem initialized
[    1.574509] ACPI: bus type USB registered
[    1.580658] usbcore: registered new interface driver usbfs
[    1.590824] usbcore: registered new interface driver hub
[    1.593404] usbcore: registered new device driver usb
[    1.602153] PCI: Using ACPI for IRQ routing
[    1.616752] NetLabel: Initializing
[    1.626895] NetLabel:  domain hash size = 128
[    1.629120] NetLabel:  protocols = UNLABELED CIPSOv4
[    1.633341] NetLabel:  unlabeled traffic allowed by default
[    1.641815] amd_nb: Cannot enumerate AMD northbridges
[    1.653503] clocksource: Switched to clocksource kvm-clock
[    1.683827] AppArmor: AppArmor Filesystem Enabled
[    1.696117] pnp: PnP ACPI init
[    1.699454] pnp: PnP ACPI: found 3 devices
[    1.716146] clocksource: acpi_pm: mask: 0xffffff max_cycles: 0xffffff, max_idle_ns: 2085701024 ns
[    1.728109] NET: Registered protocol family 2
[    1.731122] TCP established hash table entries: 8192 (order: 4, 65536 bytes)
[    1.751678] TCP bind hash table entries: 8192 (order: 5, 131072 bytes)
[    1.760637] TCP: Hash tables configured (established 8192 bind 8192)
[    1.763585] UDP hash table entries: 512 (order: 2, 16384 bytes)
[    1.781258] UDP-Lite hash table entries: 512 (order: 2, 16384 bytes)
[    1.790649] NET: Registered protocol family 1
[    1.792878] pci 0000:00:00.0: Limiting direct PCI/PCI transfers
[    1.795622] pci 0000:00:01.0: Activating ISA DMA hang workarounds
[    1.803290] Unpacking initramfs...
[    2.170788] Freeing initrd memory: 14796K
[    2.178604] platform rtc_cmos: registered platform RTC device (no PNP device found)
[    2.182621] Scanning for low memory corruption every 60 seconds
[    2.195004] audit: initializing netlink subsys (disabled)
[    2.198744] audit: type=2000 audit(1540857750.190:1): initialized
[    2.204072] Initialise system trusted keyring
[    2.217732] HugeTLB registered 2 MB page size, pre-allocated 0 pages
[    2.226238] zbud: loaded
[    2.230876] VFS: Disk quotas dquot_6.6.0
[    2.234489] VFS: Dquot-cache hash table entries: 512 (order 0, 4096 bytes)
[    2.254176] squashfs: version 4.0 (2009/01/31) Phillip Lougher
[    2.259352] fuse init (API version 7.23)
[    2.273481] Key type big_key registered
[    2.293572] Allocating IMA MOK and blacklist keyrings.
[    2.304835] Key type asymmetric registered
[    2.308367] Asymmetric key parser 'x509' registered
[    2.310854] Block layer SCSI generic (bsg) driver version 0.4 loaded (major 249)
[    2.322456] io scheduler noop registered
[    2.324520] io scheduler deadline registered (default)
[    2.334603] io scheduler cfq registered
[    2.344159] pci_hotplug: PCI Hot Plug PCI Core version: 0.5
[    2.366137] pciehp: PCI Express Hot Plug Controller Driver version: 0.4
[    2.378649] ACPI: AC Adapter [AC] (on-line)
[    2.383141] input: Power Button as /devices/LNXSYSTM:00/LNXPWRBN:00/input/input0
[    2.389751] ACPI: Power Button [PWRF]
[    2.398149] input: Sleep Button as /devices/LNXSYSTM:00/LNXSLPBN:00/input/input1
[    2.412987] ACPI: Sleep Button [SLPF]
[    2.424842] GHES: HEST is not enabled!
[    2.429071] Serial: 8250/16550 driver, 32 ports, IRQ sharing enabled
[    2.459503] 00:02: ttyS0 at I/O 0x3f8 (irq = 4, base_baud = 115200) is a 16550A
[    2.478718] Linux agpgart interface v0.103
[    2.485502] loop: module loaded
[    2.489144] scsi host0: ata_piix
[    2.492052] scsi host1: ata_piix
[    2.494037] ata1: PATA max UDMA/33 cmd 0x1f0 ctl 0x3f6 bmdma 0xd000 irq 14
[    2.515152] ata2: PATA max UDMA/33 cmd 0x170 ctl 0x376 bmdma 0xd008 irq 15
[    2.518984] libphy: Fixed MDIO Bus: probed
[    2.531759] tun: Universal TUN/TAP device driver, 1.6
[    2.544183] tun: (C) 1999-2004 Max Krasnyansky <maxk@qualcomm.com>
[    2.555190] PPP generic driver version 2.4.2
[    2.563531] ehci_hcd: USB 2.0 'Enhanced' Host Controller (EHCI) Driver
[    2.569641] ehci-pci: EHCI PCI platform driver
[    2.573394] ehci-platform: EHCI generic platform driver
[    2.586303] ohci_hcd: USB 1.1 'Open' Host Controller (OHCI) Driver
[    2.596398] ohci-pci: OHCI PCI platform driver
[    2.602910] ohci-platform: OHCI generic platform driver
[    2.611190] uhci_hcd: USB Universal Host Controller Interface driver
[    2.614342] i8042: PNP: PS/2 Controller [PNP0303:PS2K,PNP0f03:PS2M] at 0x60,0x64 irq 1,12
[    2.619634] serio: i8042 KBD port at 0x60,0x64 irq 1
[    2.647951] serio: i8042 AUX port at 0x60,0x64 irq 12
[    2.654516] mousedev: PS/2 mouse device common for all mice
[    2.658433] rtc_cmos rtc_cmos: rtc core: registered rtc_cmos as rtc0
[    2.664877] input: AT Translated Set 2 keyboard as /devices/platform/i8042/serio0/input/input2
[    2.675578] rtc_cmos rtc_cmos: alarms up to one day, 114 bytes nvram
[    2.678603] i2c /dev entries driver
[    2.681708] device-mapper: uevent: version 1.0.3
[    2.690355] device-mapper: ioctl: 4.34.0-ioctl (2015-10-28) initialised: dm-devel@redhat.com
[    2.697287] ledtrig-cpu: registered to indicate activity on CPUs
[    2.702662] NET: Registered protocol family 10
[    2.714635] NET: Registered protocol family 17
[    2.721142] Key type dns_resolver registered
[    2.725786] registered taskstats version 1
[    2.732795] Loading compiled-in X.509 certificates
[    2.736467] Loaded X.509 cert 'Build time autogenerated kernel key: 9a104bc44b81e9426fe5c715e47d021d02d69eba'
[    2.742960] zswap: loaded using pool lzo/zbud
[    2.775857] Key type trusted registered
[    2.823720] Key type encrypted registered
[    2.827412] AppArmor: AppArmor sha1 policy hashing enabled
[    2.830014] ima: No TPM chip found, activating TPM-bypass!
[    2.832573] ima: Allocated hash algorithm: sha1
[    2.843737] evm: HMAC attrs: 0x1
[    2.846190]   Magic number: 6:238:2
[    2.852434] rtc_cmos rtc_cmos: setting system clock to 2018-10-30 00:02:24 UTC (1540857744)
[    2.858377] BIOS EDD facility v0.16 2004-Jun-25, 0 devices found
[    2.863572] EDD information not available.
[    2.890131] Freeing unused kernel memory: 1528K
[    2.913877] Write protecting the kernel read-only data: 14336k
[    2.939529] Freeing unused kernel memory: 1664K
[    2.948545] Freeing unused kernel memory: 92K
Loading, please wait...
starting version[    3.178497] tsc: Refined TSC clocksource calibration: 2327.417 MHz
 229
[    3.182454] random: systemd-udevd: uninitialized urandom read (16 bytes read, 3 bits of entropy available)
[    3.183375] random: systemd-udevd: uninitialized urandom read (16 bytes read, 3 bits of entropy available)
[    3.183464] random: systemd-udevd: uninitialized urandom read (16 bytes read, 3 bits of entropy available)
[    3.183558] random: systemd-udevd: uninitialized urandom read (16 bytes read, 3 bits of entropy available)
[    3.234905] random: udevadm: uninitialized urandom read (16 bytes read, 3 bits of entropy available)
[    3.235160] random: udevadm: uninitialized urandom read (16 bytes read, 3 bits of entropy available)
[    3.321074] random: systemd-udevd: uninitialized urandom read (16 bytes read, 3 bits of entropy available)
[    3.321171] random: systemd-udevd: uninitialized urandom read (16 bytes read, 3 bits of entropy available)
[    3.321252] random: systemd-udevd: uninitialized urandom read (16 bytes read, 3 bits of entropy available)
[    3.338409] random: systemd-udevd: uninitialized urandom read (16 bytes read, 3 bits of entropy available)
[    3.458480] clocksource: tsc: mask: 0xffffffffffffffff max_cycles: 0x218c6107937, max_idle_ns: 440795255358 ns
[    3.803353] e1000: Intel(R) PRO/1000 Network Driver - version 7.3.21-k8-NAPI
[    3.914407] e1000: Copyright (c) 1999-2006 Intel Corporation.
[    4.035820] Fusion MPT base driver 3.04.20
[    4.109888] Copyright (c) 1999-2008 LSI Corporation
[    4.130875] Fusion MPT SPI Host driver 3.04.20
[    4.336764] input: ImExPS/2 Generic Explorer Mouse as /devices/platform/i8042/serio1/input/input4
[    4.838511] e1000 0000:00:03.0 eth0: (PCI:33MHz:32-bit) 02:9f:4a:0a:1b:63
[    4.856442] e1000 0000:00:03.0 eth0: Intel(R) PRO/1000 Network Connection
[    4.877175] mptbase: ioc0: Initiating bringup
[    4.882167] e1000 0000:00:03.0 enp0s3: renamed from eth0
[    4.946768] ioc0: LSI53C1030 A0: Capabilities={Initiator}
[    5.128003] scsi host2: ioc0: LSI53C1030 A0, FwRev=00000000h, Ports=1, MaxQ=256, IRQ=20
[    5.258755] scsi 2:0:0:0: Direct-Access     VBOX     HARDDISK         1.0  PQ: 0 ANSI: 5
[    5.269855] scsi target2:0:0: Beginning Domain Validation
[    5.278263] scsi target2:0:0: Domain Validation skipping write tests
[    5.282567] scsi target2:0:0: Ending Domain Validation
[    5.285135] scsi target2:0:0: asynchronous
[    5.294243] scsi 2:0:1:0: Direct-Access     VBOX     HARDDISK         1.0  PQ: 0 ANSI: 5
[    5.302995] scsi target2:0:1: Beginning Domain Validation
[    5.308288] scsi target2:0:1: Domain Validation skipping write tests
[    5.311140] scsi target2:0:1: Ending Domain Validation
[    5.313678] scsi target2:0:1: asynchronous
[    5.342291] sd 2:0:0:0: [sda] 20971520 512-byte logical blocks: (10.7 GB/10.0 GiB)
[    5.352850] sd 2:0:0:0: Attached scsi generic sg0 type 0
[    5.357907] sd 2:0:0:0: [sda] Write Protect is off
[    5.364780] sd 2:0:0:0: [sda] Incomplete mode parameter data
[    5.365050] sd 2:0:1:0: [sdb] 20480 512-byte logical blocks: (10.5 MB/10.0 MiB)
[    5.365309] sd 2:0:1:0: [sdb] Write Protect is off
[    5.365475] sd 2:0:1:0: [sdb] Incomplete mode parameter data
[    5.365477] sd 2:0:1:0: [sdb] Assuming drive cache: write through
[    5.379262] sd 2:0:1:0: Attached scsi generic sg1 type 0
[    5.417384] sd 2:0:1:0: [sdb] Attached SCSI disk
[    5.470319] sd 2:0:0:0: [sda] Assuming drive cache: write through
[    5.487121]  sda: sda1
[    5.494110] sd 2:0:0:0: [sda] Attached SCSI disk
Begin: Loading essential drivers ... [    8.551409] md: linear personality registered for level -1
[    8.586971] md: multipath personality registered for level -4
[    8.621936] md: raid0 personality registered for level 0
[    8.657079] md: raid1 personality registered for level 1
[    8.761796] raid6: sse2x1   gen()  3979 MB/s
[    8.841798] raid6: sse2x1   xor()  3804 MB/s
[    8.913940] raid6: sse2x2   gen()  5932 MB/s
[    8.981830] raid6: sse2x2   xor()  4568 MB/s
[    9.057841] raid6: sse2x4   gen()  6710 MB/s
[    9.141854] raid6: sse2x4   xor()  5057 MB/s
[    9.149968] raid6: using algorithm sse2x4 gen() 6710 MB/s
[    9.152466] raid6: .... xor() 5057 MB/s, rmw enabled
[    9.163282] raid6: using ssse3x2 recovery algorithm
[    9.179669] xor: measuring software checksum speed
[    9.237875]    prefetch64-sse:  8732.000 MB/sec
[    9.297515]    generic_sse:  7711.000 MB/sec
[    9.300937] xor: using function: prefetch64-sse (8732.000 MB/sec)
[    9.325095] async_tx: api initialized (async)
[    9.385526] md: raid6 personality registered for level 6
[    9.424721] md: raid5 personality registered for level 5
[    9.429812] md: raid4 personality registered for level 4
[    9.518673] md: raid10 personality registered for level 10
done.
Begin: Running /scripts/init-premount ... done.
Begin: Mounting root file system ... Begin: Running /scripts/local-top ... done.
Begin: Running /scripts/local-premount ... [    9.800275] Btrfs loaded
Scanning for Btrfs filesystems
done.
Warning: fsck not present, so skipping root file system
[   10.174311] EXT4-fs (sda1): mounted filesystem with ordered data mode. Opts: (null)
done.
Begin: Running /scripts/local-bottom ... done.
Begin: Running /scripts/init-bottom ... done.
[   11.056003] random: nonblocking pool is initialized
[   11.429494] systemd[1]: systemd 229 running in system mode. (+PAM +AUDIT +SELINUX +IMA +APPARMOR +SMACK +SYSVINIT +UTMP +LIBCRYPTSETUP +GCRYPT +GNUTLS +ACL +XZ -LZ4 +SECCOMP +BLKID +ELFUTILS +KMOD -IDN)
[   11.438395] systemd[1]: Detected virtualization oracle.
[   11.442794] systemd[1]: Detected architecture x86-64.

Welcome to [1mUbuntu 16.04.5 LTS[0m!

[   11.512531] systemd[1]: Set hostname to <ubuntu-xenial>.
[   13.347493] systemd[1]: Listening on Device-mapper event daemon FIFOs.
[[0;32m  OK  [0m] Listening on Device-mapper event daemon FIFOs.
[   13.394554] systemd[1]: Set up automount Arbitrary Executable File Formats File System Automount Point.
[[0;32m  OK  [0m] Set up automount Arbitrary Executab...ats File System Automount Point.
[   13.430344] systemd[1]: Listening on Syslog Socket.
[[0;32m  OK  [0m] Listening on Syslog Socket.
[   13.452630] systemd[1]: Listening on Journal Socket.
[[0;32m  OK  [0m] Listening on Journal Socket.
[   13.513518] systemd[1]: Listening on /dev/initctl Compatibility Named Pipe.
[[0;32m  OK  [0m] Listening on /dev/initctl Compatibility Named Pipe.
[   13.523133] systemd[1]: Reached target System Time Synchronized.
[[0;32m  OK  [0m] Reached target System Time Synchronized.
[   13.548352] systemd[1]: Created slice System Slice.
[[0;32m  OK  [0m] Created slice System Slice.
[   13.587381] systemd[1]: Starting Remount Root and Kernel File Systems...
         Starting Remount Root and Kernel File Systems...
[   13.660202] systemd[1]: Starting Create list of required static device nodes for the current kernel...
         Starting Create list of required st... nodes for the current kernel...
[   13.771383] systemd[1]: Starting Load Kernel Modules...
         Starting Load Kernel Modules...
[   13.794096] systemd[1]: Mounting Debug File System...
         Mounting Debug File System...
[   13.896385] systemd[1]: Mounting POSIX Message Queue File System...
         Mounting POSIX M[   13.949352] Loading iSCSI transport class v2.0-870.
essage Queue File System...
[   13.991845] EXT4-fs (sda1): re-mounted. Opts: (null)
[   14.072165] systemd[1]: Starting Uncomplicated firewall...
         Startin[   14.160918] iscsi: registered transport (tcp)
g Uncomplicated firewall...
[   14.242532] systemd[1]: Mounting Huge Pages File System...
         Mounting Huge Pages File System...
[   14.312728] systemd[1]: Listening on udev Control Socket.
[[0;32m  OK  [0m] Listening on udev Control Socket.
[   14.347296] systemd[1]: Created slice User and Session Slice.
[[0;32m  OK  [0m] Created slice User and Session Slice.
[   14.360825] systemd[1]: Reached target Encrypted Volumes.
[[0;32m  OK  [0m] Reached target Encrypted Volumes.
[   14.412057] systemd[1]: Starting Set console keymap...
[   14.416126] iscsi: registered transport (iser)
         Starting Set console keymap...
[   14.461372] systemd[1]: Reached target Swap.
[[0;32m  OK  [0m] Reached target Swap.
[   14.494474] systemd[1]: Listening on LVM2 poll daemon socket.
[[0;32m  OK  [0m] Listening on LVM2 poll daemon socket.
[   14.549099] systemd[1]: Listening on LVM2 metadata daemon socket.
[[0;32m  OK  [0m] Listening on LVM2 metadata daemon socket.
[   14.587560] systemd[1]: Starting Monitoring of LVM2 mirrors, snapshots etc. using dmeventd or progress polling...
         Starting Monitoring of LVM2 mirrors... dmeventd or progress polling...
[   14.614465] systemd[1]: Reached target Slices.
[[0;32m  OK  [0m] Reached target Slices.
[   14.625243] systemd[1]: Created slice system-serial\x2dgetty.slice.
[[0;32m  OK  [0m] Created slice system-serial\x2dgetty.slice.
[   14.640122] systemd[1]: Listening on Journal Socket (/dev/log).
[[0;32m  OK  [0m] Listening on Journal Socket (/dev/log).
[   14.679243] systemd[1]: Starting Nameserver information manager...
         Starting Nameserver information manager...
[   14.735449] systemd[1]: Started Trigger resolvconf update for networkd DNS.
[[0;32m  OK  [0m] Started Trigger resolvconf update for networkd DNS.
[   14.803424] systemd[1]: Listening on udev Kernel Socket.
[[0;32m  OK  [0m] Listening on udev Kernel Socket.
[   15.030470] systemd[1]: Listening on Journal Audit Socket.
[[0;32m  OK  [0m] Listening on Journal Audit Socket.
[   15.109708] systemd[1]: Starting Journal Service...
         Starting Journal Service...
[   15.270529] systemd[1]: Reached target User and Group Name Lookups.
[[0;32m  OK  [0m] Reached target User and Group Name Lookups.
[   15.285499] systemd[1]: Started Forward Password Requests to Wall Directory Watch.
[[0;32m  OK  [0m] Started Forward Password Requests to Wall Directory Watch.
[   15.384817] systemd[1]: Mounted Huge Pages File System.
[[0;32m  OK  [0m] Mounted Huge Pages File System.
[   15.468019] systemd[1]: Mounted POSIX Message Queue File System.
[[0;32m  OK  [0m] Mounted POSIX Message Queue File System.
[   15.476544] systemd[1]: Mounted Debug File System.
[[0;32m  OK  [0m] Mounted Debug File System.
[   15.497779] systemd[1]: Started Remount Root and Kernel File Systems.
[[0;32m  OK  [0m] Started Remount Root and Kernel File Systems.
[   15.536280] systemd[1]: Started Create list of required static device nodes for the current kernel.
[[0;32m  OK  [0m] Started Create list of required sta...ce nodes for the current kernel.
[   15.574077] systemd[1]: Started Load Kernel Modules.
[[0;32m  OK  [0m] Started Load Kernel Modules.
[   15.613554] systemd[1]: Started Uncomplicated firewall.
[[0;32m  OK  [0m] Started Uncomplicated firewall.
[   15.635850] systemd[1]: Started Set console keymap.
[[0;32m  OK  [0m] Started Set console keymap.
[   15.716613] systemd[1]: Started Journal Service.
[[0;32m  OK  [0m] Started Journal Service.
[[0;32m  OK  [0m] Started Nameserver information manager.
[[0;32m  OK  [0m] Started LVM2 metadata daemon.
         Mounting FUSE Control File System...
         Starting Apply Kernel Variables...
         Starting Create Static Device Nodes in /dev...
         Starting Load/Save Random Seed...
         Starting udev Coldplug all Devices...
         Starting Flush Journal to Persistent Storage...
[[0;32m  OK  [0m] Mounted FUSE Control File System.
[[0;32m  OK  [0m] Started Monitoring of LVM2 mirrors,...ng dmeventd or progress polling.
[[0;32m  OK  [0m] Started Apply Kernel Variables.
[[0;32m  OK  [0m] Started Create Static Device Nodes in /dev.
[[0;32m  OK  [0m] Started Load/Save Random Seed.
         Starting udev Kernel Device Manager...
[[0;32m  OK  [0m] Started Flush Journal to Persistent Storage.
[[0;32m  OK  [0m] Started udev Coldplug all Devices.
[[0;32m  OK  [0m] Started udev Kernel Device Manager.
[[0;32m  OK  [0m] Started Dispatch Password Requests to Console Directory Watch.
[[0;32m  OK  [0m] Reached target Local File Systems (Pre).
[[0;32m  OK  [0m] Reached target Local File Systems.
         Starting Set console font and keymap...
         Starting Create Volatile Files and Directories...
         Starting Tell Plymouth To Write Out Runtime Data...
         Starting Initial cloud-init job (pre-networking)...
         Starting LSB: AppArmor initialization...
[[0;32m  OK  [0m] Started Create Volatile Files and Directories.
[[0;32m  OK  [0m] Started Tell Plymouth To Write Out Runtime Data.
[[0;32m  OK  [0m] Found device /dev/ttyS0.
         Starting Update UTMP about System Boot/Shutdown...
[[0;32m  OK  [0m] Started Update UTMP about System Boot/Shutdown.
[[0;32m  OK  [0m] Listening on Load/Save RF Kill Switch Status /dev/rfkill Watch.
[[0;32m  OK  [0m] Found device 82540EM Gigabit Ethern...r (PRO/1000 MT Desktop Adapter).
[[0;32m  OK  [0m] Started LSB: AppArmor initialization.
[[0;32m  OK  [0m] Started Set console font and keymap.
[[0;32m  OK  [0m] Created slice system-getty.slice.
[   25.873402] cloud-init[487]: Cloud-init v. 18.3-9-g2e62cb8a-0ubuntu1~16.04.2 running 'init-local' at Tue, 30 Oct 2018 00:02:46 +0000. Up 23.78 seconds.
[[0;32m  OK  [0m] Started Initial cloud-init job (pre-networking).
[[0;32m  OK  [0m] Reached target Network (Pre).
         Starting Raise network interfaces...
[[0;32m  OK  [0m] Started ifup for enp0s3.
[[0;32m  OK  [0m] Started Raise network interfaces.
         Starting Initial cloud-init job (metadata service crawler)...
[[0;32m  OK  [0m] Reached target Network.
[   31.779579] cloud-init[955]: Cloud-init v. 18.3-9-g2e62cb8a-0ubuntu1~16.04.2 running 'init' at Tue, 30 Oct 2018 00:02:52 +0000. Up 29.84 seconds.
[   31.787937] cloud-init[955]: ci-info: ++++++++++++++++++++++++++++++++++++++Net device info++++++++++++++++++++++++++++++++++++++
[   31.795057] cloud-init[955]: ci-info: +--------+------+----------------------------+---------------+--------+-------------------+
[   31.802354] cloud-init[955]: ci-info: | Device |  Up  |          Address           |      Mask     | Scope  |     Hw-Address    |
[   31.809405] cloud-init[955]: ci-info: +--------+------+----------------------------+---------------+--------+-------------------+
[   31.816669] cloud-init[955]: ci-info: | enp0s3 | True |         10.0.2.15          | 255.255.255.0 | global | 02:9f:4a:0a:1b:63 |
[   31.823724] cloud-init[955]: ci-info: | enp0s3 | True | fe80::9f:4aff:fe0a:1b63/64 |       .       |  link  | 02:9f:4a:0a:1b:63 |
[   31.830781] cloud-init[955]: ci-info: |   lo   | True |         127.0.0.1          |   255.0.0.0   |  host  |         .         |
[   31.838168] cloud-init[955]: ci-info: |   lo   | True |          ::1/128           |       .       |  host  |         .         |
[   32.023800] cloud-init[955]: ci-info: +--------+------+----------------------------+---------------+--------+-------------------+
[   32.031441] cloud-init[955]: ci-info: +++++++++++++++++++++++++++Route IPv4 info++++++++++++++++++++++++++++
[[   32.057471] cloud-init[955]: ci-info: +-------+-------------+----------+---------------+-----------+-------+
[   32.058585] cloud-init[955]: ci-info: | Route | Destination | Gateway  |    Genmask    | Interface | Flags |
[0;32m  OK  [0m] Started Initial cloud-init job (metadata service crawler).
[   32.059857] cloud-init[955]: ci-info: +-------+-------------+----------+---------------+-----------+-------+
[   32.124973] cloud-init[955]: ci-info: |   0   |   0.0.0.0   | 10.0.2.2 |    0.0.0.0    |   enp0s3  |   UG  |
[[0;32m  OK  [0m] Reached target Cloud-config availability.
[   32.125619] cloud-init[955]: ci-info: |   1   |   10.0.2.0  | 0.0.0.0  | 255.255.255.0 |   enp0s3  |   U   |
[[0;32m  OK  [0m] Reached target Network is Online.
[   32.155795] cloud-init[955]: ci-info: +-------+-------------+----------+---------------+-----------+-------+
[   32.235662] cloud-init[955]: ci-info: +++++++++++++++++++Route IPv6 info+++++++++++++++++++
[   32.236156] cloud-init[955]: ci-info: +-------+-------------+---------+-----------+-------+
         Starting iSCSI initiator daemon (iscsid)...
[[0;32m  OK  [0m] Reached target System Initialization.
[   32.237243] cloud-init[955]: ci-info: | Route | Destination | Gateway | Interface | Flags |
[[0;32m  OK  [0m] Listening on D-Bus System Message Bus Socket.
[   32.332361] cloud-init[955]: ci-info: +-------+-------------+---------+-----------+-------+
         Starting Socket activation for snappy daemon.
[[0;32m  OK  [0m] Listening on UUID daemon activation socket.
[   32.405773] cloud-init[955]: ci-info: |   0   |  fe80::/64  |    ::   |   enp0s3  |   U   |
[   32.417557] cloud-init[955]: ci-info: |   4   |   ff00::/8  |    ::   |   enp0s3  |   U   |
[   32.469219] cloud-init[955]: ci-info: +-------+-------------+---------+-----------+-------+
[[0;32m  OK  [0m] Started Daily Cleanup of Temporary Directories.
[[0;32m  OK  [0m] Started Daily apt download activities.
[[0;32m  OK  [0m] Started Daily apt upgrade and clean activities.
[[0;32m  OK  [0m] Started ACPI Events Check.
[[0;32m  OK  [0m] Reached target Paths.
[[0;32m  OK  [0m] Reached target Timers.
         Starting LXD - unix socket.
[[0;32m  OK  [0m] Listening on ACPID Listen Socket.
[[0;32m  OK  [0m] Listening on Socket activation for snappy daemon.
[[0;32m  OK  [0m] Listening on LXD - unix socket.
[[0;32m  OK  [0m] Started iSCSI initiator daemon (iscsid).
         Starting Login to default iSCSI targets...
[[0;32m  OK  [0m] Reached target Sockets.
[[0;32m  OK  [0m] Reached target Basic System.
[[0;32m  OK  [0m] Started Unattended Upgrades Shutdown.
[[0;32m  OK  [0m] Started Deferred execution scheduler.
[[0;32m  OK  [0m] Started FUSE filesystem for LXC.
         Starting LXD - container startup/shutdown...
         Starting System Logging Service...
[[0;32m  OK  [0m] Started ACPI event daemon.
[[0;32m  OK  [0m] Started D-Bus System Message Bus.
         Starting LSB: MD monitoring daemon...
[[0;32m  OK  [0m] Started Regular background program processing daemon.
         Starting /etc/rc.local Compatibility...
         Starting Accounts Service...
         Starting Virtualbox guest utils...
         Starting LSB: Record successful boot for GRUB...
         Starting Login Service...
         Starting OpenBSD Secure Shell server...
         Starting Snappy daemon...
[[0;32m  OK  [0m] Started System Logging Service.
[[0;32m  OK  [0m] Started /etc/rc.local Compatibility.
[[0;32m  OK  [0m] Started Login Service.
[[0;32m  OK  [0m] Started Login to default iSCSI targets.
[[0;32m  OK  [0m] Reached target Remote File Systems (Pre).
[[0;32m  OK  [0m] Reached target Remote File Systems.
         Starting LSB: Apache2 web server...
         Starting LSB: daemon to balance interrupts for SMP systems...
         Starting LSB: Set the CPU Frequency Scaling governor to "ondemand"...
         Starting Permit User Sessions...
         Starting LSB: automatic crash report generation...
[[0;32m  OK  [0m] Started LXD - container startup/shutdown.
[[0;32m  OK  [0m] Started LSB: MD monitoring daemon.
[[0;32m  OK  [0m] Started LSB: Record successful boot for GRUB.
[[0;32m  OK  [0m] Started Virtualbox guest utils.
[[0;32m  OK  [0m] Started Permit User Sessions.
[[0;32m  OK  [0m] Started OpenBSD Secure Shell server.
         Starting Authenticate and Authorize Users to Run Privileged Tasks...
         Starting Hold until boot process finishes up...
         Starting Terminate Plymouth Boot Screen...
[[0;32m  OK  [0m] Started LSB: Set the CPU Frequency Scaling governor to "ondemand".
[[0;32m  OK  [0m] Started LSB: automatic crash report generation.
[[0;32m  OK  [0m] Started Hold until boot process finishes up.
[[0;32m  OK  [0m] Started LSB: daemon to balance interrupts for SMP systems.
[[0;32m  OK  [0m] Started Terminate Plymouth Boot Screen.
[[0;32m  OK  [0m] Started Snappy daemon.
[[0;32m  OK  [0m] Started Authenticate and Authorize Users to Run Privileged Tasks.
[[0;32m  OK  [0m] Started Accounts Service.
         Starting Wait until snapd is fully seeded...
[[0;32m  OK  [0m] Started Serial Getty on ttyS0.
         Starting Set console scheme...
[[0;32m  OK  [0m] Started Getty on tty1.
[[0;32m  OK  [0m] Reached target Login Prompts.
[[0;32m  OK  [0m] Started Wait until snapd is fully seeded.
[[0;32m  OK  [0m] Started Set console scheme.
         Starting Apply the settings specified in cloud-config...
[[0;32m  OK  [0m] Started LSB: Apache2 web server.
[[0;32m  OK  [0m] Reached target Multi-User System.
[[0;32m  OK  [0m] Reached target Graphical Interface.
         Starting Update UTMP about System Runlevel Changes...
[[0;32m  OK  [0m] Started Update UTMP about System Runlevel Changes.
[   43.314309] cloud-init[1235]: Cloud-init v. 18.3-9-g2e62cb8a-0ubuntu1~16.04.2 running 'modules:config' at Tue, 30 Oct 2018 00:03:05 +0000. Up 42.69 seconds.
[[0;32m  OK  [0m] Started Apply the settings specified in cloud-config.
         Starting Execute cloud user/final scripts...
[   45.916743] cloud-init[1310]: Cloud-init v. 18.3-9-g2e62cb8a-0ubuntu1~16.04.2 running 'modules:final' at Tue, 30 Oct 2018 00:03:07 +0000. Up 45.10 seconds.
[   45.918902] cloud-init[1310]: Cloud-init v. 18.3-9-g2e62cb8a-0ubuntu1~16.04.2 finished at Tue, 30 Oct 2018 00:03:08 +0000. Datasource DataSourceNoCloud [seed=/dev/sdb][dsmode=net].  Up 45.89 seconds

Ubuntu 16.04.5 LTS ubuntu-xenial ttyS0

ubuntu-xenial login: 